{
  "RSpec": {
    "coverage": {
      "/Users/EW/Documents/makers-academy/week-10/bank-tech-test/spec/account_spec.rb": [
        1,
        6,
        6,
        null,
        1,
        1,
        2,
        null,
        null,
        1,
        1,
        null,
        null,
        1,
        1,
        null,
        null,
        null,
        1,
        1,
        3,
        null,
        null,
        1,
        1,
        null,
        null,
        1,
        1,
        null,
        null,
        1,
        2,
        null,
        null,
        null
      ],
      "/Users/EW/Documents/makers-academy/week-10/bank-tech-test/spec/statement_spec.rb": [
        1,
        2,
        2,
        2,
        2,
        null,
        1,
        1,
        2,
        null,
        null,
        null
      ],
      "/Users/EW/Documents/makers-academy/week-10/bank-tech-test/spec/transaction_spec.rb": [
        1,
        4,
        null,
        1,
        1,
        1,
        null,
        null,
        1,
        1,
        null,
        null,
        1,
        1,
        null,
        null,
        null
      ]
    },
    "timestamp": 1517262938
  }
}
